18:09:36.634  INFO  manager.ListenerTNG - onStart ---Gradle test
18:09:36.660  INFO  tests.TestBase - The name of starts method is --->addContactSuccessAllFields
18:09:36.665  INFO  manager.ListenerTNG - onTestStart ---addContactSuccessAllFields
18:09:36.666  INFO  manager.ListenerTNG - onTestSkipped ---addContactSuccessAllFields
18:09:36.668  INFO  tests.TestBase - The name of starts method is --->addContactSuccessRequiredFields
18:09:36.669  INFO  manager.ListenerTNG - onTestStart ---addContactSuccessRequiredFields
18:09:36.669  INFO  manager.ListenerTNG - onTestSkipped ---addContactSuccessRequiredFields
18:09:36.676  INFO  tests.TestBase - The name of starts method is --->addNewContactWrongAddress
18:09:36.677  INFO  manager.ListenerTNG - onTestStart ---addNewContactWrongAddress
18:09:36.678  INFO  manager.ListenerTNG - onTestSkipped ---addNewContactWrongAddress
18:09:36.678  INFO  tests.TestBase - The name of starts method is --->addNewContactWrongEmail
18:09:36.679  INFO  manager.ListenerTNG - onTestStart ---addNewContactWrongEmail
18:09:36.680  INFO  manager.ListenerTNG - onTestSkipped ---addNewContactWrongEmail
18:09:36.681  INFO  tests.TestBase - The name of starts method is --->addNewContactWrongLastName
18:09:36.682  INFO  manager.ListenerTNG - onTestStart ---addNewContactWrongLastName
18:09:36.682  INFO  manager.ListenerTNG - onTestSkipped ---addNewContactWrongLastName
18:09:36.683  INFO  tests.TestBase - The name of starts method is --->addNewContactWrongName
18:09:36.684  INFO  manager.ListenerTNG - onTestStart ---addNewContactWrongName
18:09:36.685  INFO  manager.ListenerTNG - onTestSkipped ---addNewContactWrongName
18:09:36.686  INFO  tests.TestBase - The name of starts method is --->addNewContactWrongPhone
18:09:36.687  INFO  manager.ListenerTNG - onTestStart ---addNewContactWrongPhone
18:09:36.687  INFO  manager.ListenerTNG - onTestSkipped ---addNewContactWrongPhone
18:09:36.691  INFO  tests.TestBase - The name of starts method is --->loginSuccess
18:09:36.692  INFO  manager.ListenerTNG - onTestStart ---loginSuccess
18:09:36.692  INFO  manager.ListenerTNG - onTestSkipped ---loginSuccess
18:09:36.694  INFO  tests.TestBase - The name of starts method is --->loginSuccess
18:09:36.694  INFO  manager.ListenerTNG - onTestStart ---loginSuccess
18:09:36.694  INFO  manager.ListenerTNG - onTestSkipped ---loginSuccess
18:09:36.695  INFO  tests.TestBase - The name of starts method is --->loginSuccess
18:09:36.695  INFO  manager.ListenerTNG - onTestStart ---loginSuccess
18:09:36.696  INFO  manager.ListenerTNG - onTestSkipped ---loginSuccess
18:09:36.697  INFO  tests.TestBase - The name of starts method is --->loginSuccess2
18:09:36.698  INFO  manager.ListenerTNG - onTestStart ---loginSuccess2
18:09:36.698  INFO  manager.ListenerTNG - onTestSkipped ---loginSuccess2
18:09:36.699  INFO  tests.TestBase - The name of starts method is --->loginSuccess2
18:09:36.699  INFO  manager.ListenerTNG - onTestStart ---loginSuccess2
18:09:36.700  INFO  manager.ListenerTNG - onTestSkipped ---loginSuccess2
18:09:36.700  INFO  tests.TestBase - The name of starts method is --->loginSuccess2
18:09:36.701  INFO  manager.ListenerTNG - onTestStart ---loginSuccess2
18:09:36.701  INFO  manager.ListenerTNG - onTestSkipped ---loginSuccess2
18:09:36.703  INFO  tests.TestBase - The name of starts method is --->loginSuccessModel
18:09:36.704  INFO  manager.ListenerTNG - onTestStart ---loginSuccessModel
18:09:36.710  INFO  manager.ListenerTNG - onTestSkipped ---loginSuccessModel
18:09:36.711  INFO  tests.TestBase - The name of starts method is --->loginSuccessModel
18:09:36.712  INFO  manager.ListenerTNG - onTestStart ---loginSuccessModel
18:09:36.712  INFO  manager.ListenerTNG - onTestSkipped ---loginSuccessModel
18:09:36.713  INFO  tests.TestBase - The name of starts method is --->loginSuccessModel
18:09:36.714  INFO  manager.ListenerTNG - onTestStart ---loginSuccessModel
18:09:36.715  INFO  manager.ListenerTNG - onTestSkipped ---loginSuccessModel
18:09:36.716  INFO  manager.ListenerTNG - onTestSkipped ---loginSuccessModelFromFile
18:09:36.717  INFO  tests.TestBase - The name of starts method is --->loginSuccessNew
18:09:36.717  INFO  manager.ListenerTNG - onTestStart ---loginSuccessNew
18:09:36.718  INFO  manager.ListenerTNG - onTestSkipped ---loginSuccessNew
18:09:36.719  INFO  tests.TestBase - The name of starts method is --->loginSuccessNew
18:09:36.719  INFO  manager.ListenerTNG - onTestStart ---loginSuccessNew
18:09:36.719  INFO  manager.ListenerTNG - onTestSkipped ---loginSuccessNew
18:09:36.720  INFO  tests.TestBase - The name of starts method is --->loginUnregisterUser
18:09:36.720  INFO  manager.ListenerTNG - onTestStart ---loginUnregisterUser
18:09:36.720  INFO  manager.ListenerTNG - onTestSkipped ---loginUnregisterUser
18:09:36.721  INFO  tests.TestBase - The name of starts method is --->loginWrongEmail
18:09:36.721  INFO  manager.ListenerTNG - onTestStart ---loginWrongEmail
18:09:36.721  INFO  manager.ListenerTNG - onTestSkipped ---loginWrongEmail
18:09:36.722  INFO  tests.TestBase - The name of starts method is --->loginWrongPassword
18:09:36.722  INFO  manager.ListenerTNG - onTestStart ---loginWrongPassword
18:09:36.722  INFO  manager.ListenerTNG - onTestSkipped ---loginWrongPassword
18:09:36.723  INFO  tests.TestBase - The name of starts method is --->registrationSuccess
18:09:36.724  INFO  manager.ListenerTNG - onTestStart ---registrationSuccess
18:09:36.724  INFO  manager.ListenerTNG - onTestSkipped ---registrationSuccess
18:09:36.725  INFO  tests.TestBase - The name of starts method is --->registrationUserAlreadyExists
18:09:36.726  INFO  manager.ListenerTNG - onTestStart ---registrationUserAlreadyExists
18:09:36.727  INFO  manager.ListenerTNG - onTestSkipped ---registrationUserAlreadyExists
18:09:36.727  INFO  tests.TestBase - The name of starts method is --->registrationWrongEmail
18:09:36.728  INFO  manager.ListenerTNG - onTestStart ---registrationWrongEmail
18:09:36.729  INFO  manager.ListenerTNG - onTestSkipped ---registrationWrongEmail
18:09:36.729  INFO  tests.TestBase - The name of starts method is --->registrationWrongPassword
18:09:36.730  INFO  manager.ListenerTNG - onTestStart ---registrationWrongPassword
18:09:36.730  INFO  manager.ListenerTNG - onTestSkipped ---registrationWrongPassword
18:09:36.732  INFO  manager.ListenerTNG - onFinish ---Gradle test
