20:23:20.885  INFO  manager.ApplicationManager - All tests start in Chrome browser
20:23:22.148  INFO  manager.ApplicationManager - Current URL --> https://telranedu.web.app/home
20:23:22.153  INFO  manager.ListenerTNG - onStart ---Gradle test
20:23:22.174  INFO  tests.TestBase - The name of starts method is --->loginSuccess
20:23:22.175  INFO  manager.ListenerWD - Before find elements -->By.xpath: //button[text()='Sign Out']
20:23:27.229  INFO  manager.ListenerWD - After find elements -->By.xpath: //button[text()='Sign Out']
20:23:27.231  INFO  manager.ListenerWD - List size is -->0
20:23:27.233  INFO  manager.ListenerTNG - onTestStart ---loginSuccess
20:23:27.238  INFO  tests.TestBase - Login with valid data :  email: siz@gmail.com & password: Suz123456789$
20:23:27.238  INFO  manager.ListenerWD - Before find element -->By.cssSelector: a[href='/login']
20:23:27.263  INFO  manager.ListenerWD - After find element -->By.cssSelector: a[href='/login']
20:23:27.311  INFO  manager.ListenerWD - Before find element -->By.name: email
20:23:27.332  INFO  manager.ListenerWD - After find element -->By.name: email
20:23:27.426  INFO  manager.ListenerWD - Before find element -->By.name: password
20:23:27.444  INFO  manager.ListenerWD - After find element -->By.name: password
20:23:27.518  INFO  manager.ListenerWD - Before find element -->By.cssSelector: [name='login']
20:23:27.536  INFO  manager.ListenerWD - After find element -->By.cssSelector: [name='login']
20:23:27.560  INFO  manager.ListenerWD - Before find elements -->By.xpath: //button[text()='Sign Out']
20:23:29.490  INFO  manager.ListenerWD - After find elements -->By.xpath: //button[text()='Sign Out']
20:23:29.491  INFO  manager.ListenerWD - List size is -->1
20:23:29.493  INFO  tests.TestBase - Tests success
20:23:29.494  INFO  manager.ListenerTNG - onTestSuccessloginSuccess
20:23:29.495  INFO  tests.TestBase - The name of starts method is --->loginSuccess
20:23:29.496  INFO  manager.ListenerWD - Before find elements -->By.xpath: //button[text()='Sign Out']
20:23:29.513  INFO  manager.ListenerWD - After find elements -->By.xpath: //button[text()='Sign Out']
20:23:29.513  INFO  manager.ListenerWD - List size is -->1
20:23:29.513  INFO  manager.ListenerWD - Before find element -->By.xpath: //button[text()='Sign Out']
20:23:29.535  INFO  manager.ListenerWD - After find element -->By.xpath: //button[text()='Sign Out']
20:23:29.570  INFO  tests.TestBase -  I need logout
20:23:29.571  INFO  manager.ListenerTNG - onTestStart ---loginSuccess
20:23:29.571  INFO  tests.TestBase - Login with valid data :  email: siz@gmail.com & password: Suz123456789$
20:23:29.571  INFO  manager.ListenerWD - Before find element -->By.cssSelector: a[href='/login']
20:23:29.588  INFO  manager.ListenerWD - After find element -->By.cssSelector: a[href='/login']
20:23:29.623  INFO  manager.ListenerWD - Before find element -->By.name: email
20:23:29.641  INFO  manager.ListenerWD - After find element -->By.name: email
20:23:29.737  INFO  manager.ListenerWD - Before find element -->By.name: password
20:23:29.751  INFO  manager.ListenerWD - After find element -->By.name: password
20:23:29.838  INFO  manager.ListenerWD - Before find element -->By.cssSelector: [name='login']
20:23:29.850  INFO  manager.ListenerWD - After find element -->By.cssSelector: [name='login']
20:23:29.873  INFO  manager.ListenerWD - Before find elements -->By.xpath: //button[text()='Sign Out']
20:23:30.523  INFO  manager.ListenerWD - After find elements -->By.xpath: //button[text()='Sign Out']
20:23:30.523  INFO  manager.ListenerWD - List size is -->1
20:23:30.523  INFO  tests.TestBase - Tests success
20:23:30.524  INFO  manager.ListenerTNG - onTestSuccessloginSuccess
20:23:30.524  INFO  tests.TestBase - The name of starts method is --->loginSuccess
20:23:30.525  INFO  manager.ListenerWD - Before find elements -->By.xpath: //button[text()='Sign Out']
20:23:30.540  INFO  manager.ListenerWD - After find elements -->By.xpath: //button[text()='Sign Out']
20:23:30.540  INFO  manager.ListenerWD - List size is -->1
20:23:30.541  INFO  manager.ListenerWD - Before find element -->By.xpath: //button[text()='Sign Out']
20:23:30.555  INFO  manager.ListenerWD - After find element -->By.xpath: //button[text()='Sign Out']
20:23:30.585  INFO  tests.TestBase -  I need logout
20:23:30.586  INFO  manager.ListenerTNG - onTestStart ---loginSuccess
20:23:30.586  INFO  tests.TestBase - Login with valid data :  email: siz@gmail.com & password: Suz123456789$
20:23:30.586  INFO  manager.ListenerWD - Before find element -->By.cssSelector: a[href='/login']
20:23:30.601  INFO  manager.ListenerWD - After find element -->By.cssSelector: a[href='/login']
20:23:30.629  INFO  manager.ListenerWD - Before find element -->By.name: email
20:23:30.643  INFO  manager.ListenerWD - After find element -->By.name: email
20:23:30.731  INFO  manager.ListenerWD - Before find element -->By.name: password
20:23:30.744  INFO  manager.ListenerWD - After find element -->By.name: password
20:23:30.827  INFO  manager.ListenerWD - Before find element -->By.cssSelector: [name='login']
20:23:30.838  INFO  manager.ListenerWD - After find element -->By.cssSelector: [name='login']
20:23:30.861  INFO  manager.ListenerWD - Before find elements -->By.xpath: //button[text()='Sign Out']
20:23:31.218  INFO  manager.ListenerWD - After find elements -->By.xpath: //button[text()='Sign Out']
20:23:31.218  INFO  manager.ListenerWD - List size is -->1
20:23:31.218  INFO  tests.TestBase - Tests success
20:23:31.219  INFO  manager.ListenerTNG - onTestSuccessloginSuccess
20:23:31.222  INFO  tests.TestBase - The name of starts method is --->loginSuccess2
20:23:31.223  INFO  manager.ListenerWD - Before find elements -->By.xpath: //button[text()='Sign Out']
20:23:31.237  INFO  manager.ListenerWD - After find elements -->By.xpath: //button[text()='Sign Out']
20:23:31.237  INFO  manager.ListenerWD - List size is -->1
20:23:31.237  INFO  manager.ListenerWD - Before find element -->By.xpath: //button[text()='Sign Out']
20:23:31.252  INFO  manager.ListenerWD - After find element -->By.xpath: //button[text()='Sign Out']
20:23:31.289  INFO  tests.TestBase -  I need logout
20:23:31.289  INFO  manager.ListenerTNG - onTestStart ---loginSuccess2
20:23:31.290  INFO  tests.TestBase - Login with valid data :  email: noa@gmail.com & password: Nnoa12345$
20:23:31.290  INFO  manager.ListenerWD - Before find element -->By.cssSelector: a[href='/login']
20:23:31.304  INFO  manager.ListenerWD - After find element -->By.cssSelector: a[href='/login']
20:23:31.334  INFO  manager.ListenerWD - Before find element -->By.name: email
20:23:31.347  INFO  manager.ListenerWD - After find element -->By.name: email
20:23:31.431  INFO  manager.ListenerWD - Before find element -->By.name: password
20:23:31.443  INFO  manager.ListenerWD - After find element -->By.name: password
20:23:31.524  INFO  manager.ListenerWD - Before find element -->By.cssSelector: [name='login']
20:23:31.536  INFO  manager.ListenerWD - After find element -->By.cssSelector: [name='login']
20:23:31.560  INFO  manager.ListenerWD - Before find elements -->By.xpath: //button[text()='Sign Out']
20:23:31.911  INFO  manager.ListenerWD - After find elements -->By.xpath: //button[text()='Sign Out']
20:23:31.911  INFO  manager.ListenerWD - List size is -->1
20:23:31.911  INFO  tests.TestBase - Tests success
20:23:31.911  INFO  manager.ListenerTNG - onTestSuccessloginSuccess2
20:23:31.912  INFO  tests.TestBase - The name of starts method is --->loginSuccess2
20:23:31.913  INFO  manager.ListenerWD - Before find elements -->By.xpath: //button[text()='Sign Out']
20:23:31.927  INFO  manager.ListenerWD - After find elements -->By.xpath: //button[text()='Sign Out']
20:23:31.927  INFO  manager.ListenerWD - List size is -->1
20:23:31.927  INFO  manager.ListenerWD - Before find element -->By.xpath: //button[text()='Sign Out']
20:23:31.941  INFO  manager.ListenerWD - After find element -->By.xpath: //button[text()='Sign Out']
20:23:31.970  INFO  tests.TestBase -  I need logout
20:23:31.970  INFO  manager.ListenerTNG - onTestStart ---loginSuccess2
20:23:31.971  INFO  tests.TestBase - Login with valid data :  email: sonya@gmail.com & password: Ss12345$
20:23:31.971  INFO  manager.ListenerWD - Before find element -->By.cssSelector: a[href='/login']
20:23:31.984  INFO  manager.ListenerWD - After find element -->By.cssSelector: a[href='/login']
20:23:32.010  INFO  manager.ListenerWD - Before find element -->By.name: email
20:23:32.023  INFO  manager.ListenerWD - After find element -->By.name: email
20:23:32.110  INFO  manager.ListenerWD - Before find element -->By.name: password
20:23:32.121  INFO  manager.ListenerWD - After find element -->By.name: password
20:23:32.205  INFO  manager.ListenerWD - Before find element -->By.cssSelector: [name='login']
20:23:32.216  INFO  manager.ListenerWD - After find element -->By.cssSelector: [name='login']
20:23:32.239  INFO  manager.ListenerWD - Before find elements -->By.xpath: //button[text()='Sign Out']
20:23:32.591  INFO  manager.ListenerWD - After find elements -->By.xpath: //button[text()='Sign Out']
20:23:32.592  INFO  manager.ListenerWD - List size is -->1
20:23:32.592  INFO  tests.TestBase - Tests success
20:23:32.592  INFO  manager.ListenerTNG - onTestSuccessloginSuccess2
20:23:32.592  INFO  tests.TestBase - The name of starts method is --->loginSuccess2
20:23:32.592  INFO  manager.ListenerWD - Before find elements -->By.xpath: //button[text()='Sign Out']
20:23:32.606  INFO  manager.ListenerWD - After find elements -->By.xpath: //button[text()='Sign Out']
20:23:32.606  INFO  manager.ListenerWD - List size is -->1
20:23:32.606  INFO  manager.ListenerWD - Before find element -->By.xpath: //button[text()='Sign Out']
20:23:32.620  INFO  manager.ListenerWD - After find element -->By.xpath: //button[text()='Sign Out']
20:23:32.645  INFO  tests.TestBase -  I need logout
20:23:32.646  INFO  manager.ListenerTNG - onTestStart ---loginSuccess2
20:23:32.646  INFO  tests.TestBase - Login with valid data :  email: noa@gmail.com & password: Nnoa12345$
20:23:32.646  INFO  manager.ListenerWD - Before find element -->By.cssSelector: a[href='/login']
20:23:32.660  INFO  manager.ListenerWD - After find element -->By.cssSelector: a[href='/login']
20:23:32.687  INFO  manager.ListenerWD - Before find element -->By.name: email
20:23:32.697  INFO  manager.ListenerWD - After find element -->By.name: email
20:23:32.780  INFO  manager.ListenerWD - Before find element -->By.name: password
20:23:32.790  INFO  manager.ListenerWD - After find element -->By.name: password
20:23:32.872  INFO  manager.ListenerWD - Before find element -->By.cssSelector: [name='login']
20:23:32.882  INFO  manager.ListenerWD - After find element -->By.cssSelector: [name='login']
20:23:32.905  INFO  manager.ListenerWD - Before find elements -->By.xpath: //button[text()='Sign Out']
20:23:33.440  INFO  manager.ListenerWD - After find elements -->By.xpath: //button[text()='Sign Out']
20:23:33.440  INFO  manager.ListenerWD - List size is -->1
20:23:33.440  INFO  tests.TestBase - Tests success
20:23:33.440  INFO  manager.ListenerTNG - onTestSuccessloginSuccess2
20:23:33.442  INFO  tests.TestBase - The name of starts method is --->loginSuccessModel
20:23:33.443  INFO  manager.ListenerWD - Before find elements -->By.xpath: //button[text()='Sign Out']
20:23:33.455  INFO  manager.ListenerWD - After find elements -->By.xpath: //button[text()='Sign Out']
20:23:33.455  INFO  manager.ListenerWD - List size is -->1
20:23:33.455  INFO  manager.ListenerWD - Before find element -->By.xpath: //button[text()='Sign Out']
20:23:33.467  INFO  manager.ListenerWD - After find element -->By.xpath: //button[text()='Sign Out']
20:23:33.501  INFO  tests.TestBase -  I need logout
20:23:33.502  INFO  manager.ListenerTNG - onTestStart ---loginSuccessModel
20:23:33.507  INFO  tests.TestBase - Tests start with user model ---User(email=noa@gmail.com, password=Nnoa12345$)
20:23:33.507  INFO  manager.ListenerWD - Before find element -->By.cssSelector: a[href='/login']
20:23:33.521  INFO  manager.ListenerWD - After find element -->By.cssSelector: a[href='/login']
20:23:33.551  INFO  manager.ListenerWD - Before find element -->By.name: email
20:23:33.562  INFO  manager.ListenerWD - After find element -->By.name: email
20:23:33.647  INFO  manager.ListenerWD - Before find element -->By.name: password
20:23:33.657  INFO  manager.ListenerWD - After find element -->By.name: password
20:23:33.739  INFO  manager.ListenerWD - Before find element -->By.cssSelector: [name='login']
20:23:33.749  INFO  manager.ListenerWD - After find element -->By.cssSelector: [name='login']
20:23:33.772  INFO  manager.ListenerWD - Before find elements -->By.xpath: //button[text()='Sign Out']
20:23:34.182  INFO  manager.ListenerWD - After find elements -->By.xpath: //button[text()='Sign Out']
20:23:34.182  INFO  manager.ListenerWD - List size is -->1
20:23:34.182  INFO  manager.ListenerTNG - onTestSuccessloginSuccessModel
20:23:34.183  INFO  tests.TestBase - The name of starts method is --->loginSuccessModel
20:23:34.184  INFO  manager.ListenerWD - Before find elements -->By.xpath: //button[text()='Sign Out']
20:23:34.196  INFO  manager.ListenerWD - After find elements -->By.xpath: //button[text()='Sign Out']
20:23:34.196  INFO  manager.ListenerWD - List size is -->1
20:23:34.196  INFO  manager.ListenerWD - Before find element -->By.xpath: //button[text()='Sign Out']
20:23:34.209  INFO  manager.ListenerWD - After find element -->By.xpath: //button[text()='Sign Out']
20:23:34.243  INFO  tests.TestBase -  I need logout
20:23:34.243  INFO  manager.ListenerTNG - onTestStart ---loginSuccessModel
20:23:34.244  INFO  tests.TestBase - Tests start with user model ---User(email=sonya@gmail.com, password=Ss12345$)
20:23:34.244  INFO  manager.ListenerWD - Before find element -->By.cssSelector: a[href='/login']
20:23:34.258  INFO  manager.ListenerWD - After find element -->By.cssSelector: a[href='/login']
20:23:34.288  INFO  manager.ListenerWD - Before find element -->By.name: email
20:23:34.300  INFO  manager.ListenerWD - After find element -->By.name: email
20:23:34.404  INFO  manager.ListenerWD - Before find element -->By.name: password
20:23:34.416  INFO  manager.ListenerWD - After find element -->By.name: password
20:23:34.502  INFO  manager.ListenerWD - Before find element -->By.cssSelector: [name='login']
20:23:34.515  INFO  manager.ListenerWD - After find element -->By.cssSelector: [name='login']
20:23:34.540  INFO  manager.ListenerWD - Before find elements -->By.xpath: //button[text()='Sign Out']
20:23:34.881  INFO  manager.ListenerWD - After find elements -->By.xpath: //button[text()='Sign Out']
20:23:34.882  INFO  manager.ListenerWD - List size is -->1
20:23:34.882  INFO  manager.ListenerTNG - onTestSuccessloginSuccessModel
20:23:34.883  INFO  tests.TestBase - The name of starts method is --->loginSuccessModel
20:23:34.883  INFO  manager.ListenerWD - Before find elements -->By.xpath: //button[text()='Sign Out']
20:23:34.896  INFO  manager.ListenerWD - After find elements -->By.xpath: //button[text()='Sign Out']
20:23:34.896  INFO  manager.ListenerWD - List size is -->1
20:23:34.896  INFO  manager.ListenerWD - Before find element -->By.xpath: //button[text()='Sign Out']
20:23:34.908  INFO  manager.ListenerWD - After find element -->By.xpath: //button[text()='Sign Out']
20:23:34.939  INFO  tests.TestBase -  I need logout
20:23:34.940  INFO  manager.ListenerTNG - onTestStart ---loginSuccessModel
20:23:34.940  INFO  tests.TestBase - Tests start with user model ---User(email=noa@gmail.com, password=Nnoa12345$)
20:23:34.941  INFO  manager.ListenerWD - Before find element -->By.cssSelector: a[href='/login']
20:23:34.957  INFO  manager.ListenerWD - After find element -->By.cssSelector: a[href='/login']
20:23:34.982  INFO  manager.ListenerWD - Before find element -->By.name: email
20:23:34.994  INFO  manager.ListenerWD - After find element -->By.name: email
20:23:35.079  INFO  manager.ListenerWD - Before find element -->By.name: password
20:23:35.090  INFO  manager.ListenerWD - After find element -->By.name: password
20:23:35.173  INFO  manager.ListenerWD - Before find element -->By.cssSelector: [name='login']
20:23:35.184  INFO  manager.ListenerWD - After find element -->By.cssSelector: [name='login']
20:23:35.209  INFO  manager.ListenerWD - Before find elements -->By.xpath: //button[text()='Sign Out']
20:23:35.509  INFO  manager.ListenerWD - After find elements -->By.xpath: //button[text()='Sign Out']
20:23:35.509  INFO  manager.ListenerWD - List size is -->1
20:23:35.509  INFO  manager.ListenerTNG - onTestSuccessloginSuccessModel
20:23:35.511  INFO  manager.ListenerTNG - onTestSkipped ---loginSuccessModelFromFile
20:23:35.513  INFO  tests.TestBase - The name of starts method is --->loginSuccessNew
20:23:35.514  INFO  manager.ListenerWD - Before find elements -->By.xpath: //button[text()='Sign Out']
20:23:35.527  INFO  manager.ListenerWD - After find elements -->By.xpath: //button[text()='Sign Out']
20:23:35.527  INFO  manager.ListenerWD - List size is -->1
20:23:35.527  INFO  manager.ListenerWD - Before find element -->By.xpath: //button[text()='Sign Out']
20:23:35.541  INFO  manager.ListenerWD - After find element -->By.xpath: //button[text()='Sign Out']
20:23:35.568  INFO  tests.TestBase -  I need logout
20:23:35.569  INFO  manager.ListenerTNG - onTestStart ---loginSuccessNew
20:23:35.569  INFO  manager.ListenerWD - Before find element -->By.cssSelector: a[href='/login']
20:23:35.583  INFO  manager.ListenerWD - After find element -->By.cssSelector: a[href='/login']
20:23:35.612  INFO  manager.ListenerWD - Before find element -->By.name: email
20:23:35.624  INFO  manager.ListenerWD - After find element -->By.name: email
20:23:35.715  INFO  manager.ListenerWD - Before find element -->By.name: password
20:23:35.727  INFO  manager.ListenerWD - After find element -->By.name: password
20:23:35.813  INFO  manager.ListenerWD - Before find element -->By.cssSelector: [name='login']
20:23:35.824  INFO  manager.ListenerWD - After find element -->By.cssSelector: [name='login']
20:23:35.850  INFO  manager.ListenerWD - Before find elements -->By.xpath: //button[text()='Sign Out']
20:23:36.257  INFO  manager.ListenerWD - After find elements -->By.xpath: //button[text()='Sign Out']
20:23:36.257  INFO  manager.ListenerWD - List size is -->1
20:23:36.258  INFO  manager.ListenerTNG - onTestSuccessloginSuccessNew
20:23:36.258  INFO  tests.TestBase - The name of starts method is --->loginSuccessNew
20:23:36.259  INFO  manager.ListenerWD - Before find elements -->By.xpath: //button[text()='Sign Out']
20:23:36.272  INFO  manager.ListenerWD - After find elements -->By.xpath: //button[text()='Sign Out']
20:23:36.272  INFO  manager.ListenerWD - List size is -->1
20:23:36.272  INFO  manager.ListenerWD - Before find element -->By.xpath: //button[text()='Sign Out']
20:23:36.285  INFO  manager.ListenerWD - After find element -->By.xpath: //button[text()='Sign Out']
20:23:36.313  INFO  tests.TestBase -  I need logout
20:23:36.314  INFO  manager.ListenerTNG - onTestStart ---loginSuccessNew
20:23:36.314  INFO  manager.ListenerWD - Before find element -->By.cssSelector: a[href='/login']
20:23:36.330  INFO  manager.ListenerWD - After find element -->By.cssSelector: a[href='/login']
20:23:36.359  INFO  manager.ListenerWD - Before find element -->By.name: email
20:23:36.373  INFO  manager.ListenerWD - After find element -->By.name: email
20:23:36.478  INFO  manager.ListenerWD - Before find element -->By.name: password
20:23:36.490  INFO  manager.ListenerWD - After find element -->By.name: password
20:23:36.593  INFO  manager.ListenerWD - Before find element -->By.cssSelector: [name='login']
20:23:36.616  INFO  manager.ListenerWD - After find element -->By.cssSelector: [name='login']
20:23:36.646  INFO  manager.ListenerWD - Before find elements -->By.xpath: //button[text()='Sign Out']
20:23:37.167  INFO  manager.ListenerWD - After find elements -->By.xpath: //button[text()='Sign Out']
20:23:37.167  INFO  manager.ListenerWD - List size is -->1
20:23:37.167  INFO  manager.ListenerTNG - onTestSuccessloginSuccessNew
20:23:37.168  INFO  tests.TestBase - The name of starts method is --->loginUnregisterUser
20:23:37.168  INFO  manager.ListenerWD - Before find elements -->By.xpath: //button[text()='Sign Out']
20:23:37.179  INFO  manager.ListenerWD - After find elements -->By.xpath: //button[text()='Sign Out']
20:23:37.180  INFO  manager.ListenerWD - List size is -->1
20:23:37.180  INFO  manager.ListenerWD - Before find element -->By.xpath: //button[text()='Sign Out']
20:23:37.192  INFO  manager.ListenerWD - After find element -->By.xpath: //button[text()='Sign Out']
20:23:37.223  INFO  tests.TestBase -  I need logout
20:23:37.223  INFO  manager.ListenerTNG - onTestStart ---loginUnregisterUser
20:23:37.224  INFO  manager.ListenerWD - Before find element -->By.cssSelector: a[href='/login']
20:23:37.236  INFO  manager.ListenerWD - After find element -->By.cssSelector: a[href='/login']
20:23:37.263  INFO  manager.ListenerWD - Before find element -->By.name: email
20:23:37.274  INFO  manager.ListenerWD - After find element -->By.name: email
20:23:37.358  INFO  manager.ListenerWD - Before find element -->By.name: password
20:23:37.369  INFO  manager.ListenerWD - After find element -->By.name: password
20:23:37.449  INFO  manager.ListenerWD - Before find element -->By.cssSelector: [name='login']
20:23:37.459  INFO  manager.ListenerWD - After find element -->By.cssSelector: [name='login']
20:23:37.484  INFO  manager.ListenerWD - Before find elements -->By.xpath: //button[text()='Sign Out']
20:23:38.063  INFO  manager.ListenerWD - After find elements -->By.xpath: //button[text()='Sign Out']
20:23:38.063  INFO  manager.ListenerWD - List size is -->0
20:23:38.082  INFO  manager.ListenerTNG - onTestSuccessloginUnregisterUser
20:23:38.083  INFO  tests.TestBase - The name of starts method is --->loginWrongEmail
20:23:38.084  INFO  manager.ListenerWD - Before find elements -->By.xpath: //button[text()='Sign Out']
20:23:43.108  INFO  manager.ListenerWD - After find elements -->By.xpath: //button[text()='Sign Out']
20:23:43.108  INFO  manager.ListenerWD - List size is -->0
20:23:43.109  INFO  manager.ListenerTNG - onTestStart ---loginWrongEmail
20:23:43.109  INFO  manager.ListenerWD - Before find element -->By.cssSelector: a[href='/login']
20:23:43.122  INFO  manager.ListenerWD - After find element -->By.cssSelector: a[href='/login']
20:23:43.146  INFO  manager.ListenerWD - Before find element -->By.name: email
20:23:43.158  INFO  manager.ListenerWD - After find element -->By.name: email
20:23:43.254  INFO  manager.ListenerWD - Before find element -->By.name: password
20:23:43.265  INFO  manager.ListenerWD - After find element -->By.name: password
20:23:43.341  INFO  manager.ListenerWD - Before find element -->By.cssSelector: [name='login']
20:23:43.350  INFO  manager.ListenerWD - After find element -->By.cssSelector: [name='login']
20:23:43.374  INFO  manager.ListenerWD - Before find elements -->By.xpath: //button[text()='Sign Out']
20:23:43.893  INFO  manager.ListenerWD - After find elements -->By.xpath: //button[text()='Sign Out']
20:23:43.893  INFO  manager.ListenerWD - List size is -->0
20:23:43.908  INFO  tests.TestBase - Error message is : 'Wrong email or password' 
20:23:43.908  INFO  manager.ListenerTNG - onTestSuccessloginWrongEmail
20:23:43.909  INFO  tests.TestBase - The name of starts method is --->loginWrongPassword
20:23:43.909  INFO  manager.ListenerWD - Before find elements -->By.xpath: //button[text()='Sign Out']
20:23:48.924  INFO  manager.ListenerWD - After find elements -->By.xpath: //button[text()='Sign Out']
20:23:48.924  INFO  manager.ListenerWD - List size is -->0
20:23:48.924  INFO  manager.ListenerTNG - onTestStart ---loginWrongPassword
20:23:48.924  INFO  manager.ListenerWD - Before find element -->By.cssSelector: a[href='/login']
20:23:48.937  INFO  manager.ListenerWD - After find element -->By.cssSelector: a[href='/login']
20:23:48.965  INFO  manager.ListenerWD - Before find element -->By.name: email
20:23:48.976  INFO  manager.ListenerWD - After find element -->By.name: email
20:23:49.054  INFO  manager.ListenerWD - Before find element -->By.name: password
20:23:49.063  INFO  manager.ListenerWD - After find element -->By.name: password
20:23:49.135  INFO  manager.ListenerWD - Before find element -->By.cssSelector: [name='login']
20:23:49.144  INFO  manager.ListenerWD - After find element -->By.cssSelector: [name='login']
20:23:49.169  INFO  manager.ListenerWD - Before find elements -->By.xpath: //button[text()='Sign Out']
20:23:49.572  INFO  manager.ListenerWD - After find elements -->By.xpath: //button[text()='Sign Out']
20:23:49.572  INFO  manager.ListenerWD - List size is -->0
20:23:49.585  INFO  manager.ListenerTNG - onTestSuccessloginWrongPassword
20:23:49.588  INFO  manager.ListenerTNG - onFinish ---Gradle test
