09:33:19.580  INFO  manager.ApplicationManager - All tests star in Chrome Browser
09:33:20.518  INFO  manager.ApplicationManager - Current Url -->https://telranedu.web.app/home
09:33:20.521  INFO  manager.ListenerTNG - onStart ---Nopackage
09:33:20.541  INFO  tests.TestBase - The name of starts method is --->registrationSuccess
09:33:20.542  INFO  manager.ListenerWD - Before find elements --> By.xpath: //button[text()='Sign Out']
09:33:25.610  INFO  manager.ListenerWD - After find elements --> By.xpath: //button[text()='Sign Out']
09:33:25.612  INFO  manager.ListenerWD - List suze is --> 0
09:33:25.620  INFO  manager.ListenerTNG - onTestStart ---registrationSuccess
09:33:25.623  INFO  manager.ListenerWD - Before find element --> By.cssSelector: a[href='/login']
09:33:25.644  INFO  manager.ListenerWD - After find element --> By.cssSelector: a[href='/login']
09:33:25.667  INFO  manager.ListenerWD - Before find element --> By.cssSelector: a[href='/login']
09:33:25.681  INFO  manager.ListenerWD - After find element --> By.cssSelector: a[href='/login']
09:33:25.720  INFO  manager.ListenerWD - Before find element --> By.name: email
09:33:25.736  INFO  manager.ListenerWD - After find element --> By.name: email
09:33:25.833  INFO  manager.ListenerWD - Before find element --> By.name: password
09:33:25.848  INFO  manager.ListenerWD - After find element --> By.name: password
09:33:25.930  INFO  manager.ListenerWD - Before find element --> By.cssSelector: [name='registration']
09:33:25.946  INFO  manager.ListenerWD - After find element --> By.cssSelector: [name='registration']
09:33:25.970  INFO  manager.ListenerWD - Before find elements --> By.xpath: //button[text()='Sign Out']
09:33:26.981  INFO  manager.ListenerWD - After find elements --> By.xpath: //button[text()='Sign Out']
09:33:26.982  INFO  manager.ListenerWD - List suze is --> 1
09:33:26.984  INFO  manager.ListenerTNG - onTestSuccessregistrationSuccess
09:33:26.986  INFO  manager.ListenerTNG - onFinish ---Nopackage
