18:42:00.436  INFO  manager.ApplicationManager - All tests star in Chrome Browser
18:42:01.997  INFO  manager.ApplicationManager - Current Url -->https://telranedu.web.app/home
18:42:02.000  INFO  manager.ListenerTNG - onStart ---Nopackage
18:42:02.019  INFO  tests.TestBase - The name of starts method is --->addContactSuccessAllFields
18:42:02.020  INFO  manager.ListenerWD - Before find elements --> By.xpath: //button[text()='Sign Out']
18:42:07.068  INFO  manager.ListenerWD - After find elements --> By.xpath: //button[text()='Sign Out']
18:42:07.070  INFO  manager.ListenerWD - List suze is --> 0
18:42:07.078  INFO  manager.ListenerWD - Before find element --> By.cssSelector: a[href='/login']
18:42:07.101  INFO  manager.ListenerWD - After find element --> By.cssSelector: a[href='/login']
18:42:07.125  INFO  manager.ListenerWD - Before find element --> By.cssSelector: a[href='/login']
18:42:07.140  INFO  manager.ListenerWD - After find element --> By.cssSelector: a[href='/login']
18:42:07.190  INFO  manager.ListenerWD - Before find element --> By.name: email
18:42:07.212  INFO  manager.ListenerWD - After find element --> By.name: email
18:42:07.316  INFO  manager.ListenerWD - Before find element --> By.name: password
18:42:07.331  INFO  manager.ListenerWD - After find element --> By.name: password
18:42:07.413  INFO  manager.ListenerWD - Before find element --> By.cssSelector: [name='login']
18:42:07.426  INFO  manager.ListenerWD - After find element --> By.cssSelector: [name='login']
18:42:07.451  INFO  manager.ListenerTNG - onTestStart ---addContactSuccessAllFields
18:42:07.472  INFO  tests.TestBase - Tests start with data : Contact(name=Lisa1619, lastName=Simpson, email=lisa1619@mail.ru, address=NY, phone=11111111619, description=All fields)
18:42:07.472  INFO  manager.ListenerWD - Before find element --> By.cssSelector: a[href='/add']
18:42:08.457  INFO  manager.ListenerWD - After find element --> By.cssSelector: a[href='/add']
18:42:08.489  INFO  manager.ListenerWD - Before find element --> By.cssSelector: input[placeholder='Name']
18:42:08.506  INFO  manager.ListenerWD - After find element --> By.cssSelector: input[placeholder='Name']
18:42:08.597  INFO  manager.ListenerWD - Before find element --> By.cssSelector: input[placeholder='Last Name']
18:42:08.611  INFO  manager.ListenerWD - After find element --> By.cssSelector: input[placeholder='Last Name']
18:42:08.694  INFO  manager.ListenerWD - Before find element --> By.cssSelector: input[placeholder='Phone']
18:42:08.710  INFO  manager.ListenerWD - After find element --> By.cssSelector: input[placeholder='Phone']
18:42:08.794  INFO  manager.ListenerWD - Before find element --> By.cssSelector: input[placeholder='email']
18:42:08.807  INFO  manager.ListenerWD - After find element --> By.cssSelector: input[placeholder='email']
18:42:08.912  INFO  manager.ListenerWD - Before find element --> By.cssSelector: input[placeholder='Address']
18:42:08.925  INFO  manager.ListenerWD - After find element --> By.cssSelector: input[placeholder='Address']
18:42:09.001  INFO  manager.ListenerWD - Before find element --> By.cssSelector: input[placeholder='description']
18:42:09.014  INFO  manager.ListenerWD - After find element --> By.cssSelector: input[placeholder='description']
18:42:09.107  INFO  manager.ListenerWD - Before find element --> By.xpath: //b[text()='Save']
18:42:09.123  INFO  manager.ListenerWD - After find element --> By.xpath: //b[text()='Save']
18:42:09.145  INFO  manager.ListenerWD - Before find elements --> By.cssSelector: h2
18:42:09.937  INFO  manager.ListenerWD - After find elements --> By.cssSelector: h2
18:42:09.938  INFO  manager.ListenerWD - List suze is --> 46
18:42:10.398  INFO  manager.ListenerWD - Before find elements --> By.cssSelector: h3
18:42:10.596  INFO  manager.ListenerWD - After find elements --> By.cssSelector: h3
18:42:10.596  INFO  manager.ListenerWD - List suze is --> 46
18:42:11.093  INFO  manager.ListenerWD - Before find elements --> By.cssSelector: .contact-item_card__2SOIM
18:42:11.288  INFO  manager.ListenerWD - After find elements --> By.cssSelector: .contact-item_card__2SOIM
18:42:11.288  INFO  manager.ListenerWD - List suze is --> 46
18:42:11.322  INFO  manager.ListenerWD - Before find element --> By.cssSelector: .contact-item-detailed_card__50dTS
18:42:11.338  INFO  manager.ListenerWD - After find element --> By.cssSelector: .contact-item-detailed_card__50dTS
18:42:11.376  INFO  manager.ListenerWD - Before find element --> By.cssSelector: .contact-item-detailed_card__50dTS
18:42:11.388  INFO  manager.ListenerWD - After find element --> By.cssSelector: .contact-item-detailed_card__50dTS
18:42:11.422  INFO  manager.ListenerWD - Before find element --> By.cssSelector: .contact-item-detailed_card__50dTS
18:42:11.434  INFO  manager.ListenerWD - After find element --> By.cssSelector: .contact-item-detailed_card__50dTS
18:42:11.467  INFO  manager.ListenerWD - Before find element --> By.cssSelector: .contact-item-detailed_card__50dTS
18:42:11.478  INFO  manager.ListenerWD - After find element --> By.cssSelector: .contact-item-detailed_card__50dTS
18:42:11.512  INFO  manager.ListenerWD - Before find element --> By.cssSelector: .contact-item-detailed_card__50dTS
18:42:11.525  INFO  manager.ListenerWD - After find element --> By.cssSelector: .contact-item-detailed_card__50dTS
18:42:11.561  INFO  manager.ListenerWD - Before find element --> By.cssSelector: .contact-item-detailed_card__50dTS
18:42:11.572  INFO  manager.ListenerWD - After find element --> By.cssSelector: .contact-item-detailed_card__50dTS
18:42:11.604  INFO  manager.ListenerWD - Before find element --> By.cssSelector: .contact-item-detailed_card__50dTS
18:42:11.614  INFO  manager.ListenerWD - After find element --> By.cssSelector: .contact-item-detailed_card__50dTS
18:42:11.649  INFO  manager.ListenerWD - Before find element --> By.cssSelector: .contact-item-detailed_card__50dTS
18:42:11.665  INFO  manager.ListenerWD - After find element --> By.cssSelector: .contact-item-detailed_card__50dTS
18:42:11.698  INFO  manager.ListenerWD - Before find element --> By.cssSelector: .contact-item-detailed_card__50dTS
18:42:11.709  INFO  manager.ListenerWD - After find element --> By.cssSelector: .contact-item-detailed_card__50dTS
18:42:11.742  INFO  manager.ListenerWD - Before find element --> By.cssSelector: .contact-item-detailed_card__50dTS
18:42:11.756  INFO  manager.ListenerWD - After find element --> By.cssSelector: .contact-item-detailed_card__50dTS
18:42:11.794  INFO  manager.ListenerWD - Before find element --> By.cssSelector: .contact-item-detailed_card__50dTS
18:42:11.808  INFO  manager.ListenerWD - After find element --> By.cssSelector: .contact-item-detailed_card__50dTS
18:42:11.844  INFO  manager.ListenerWD - Before find element --> By.cssSelector: .contact-item-detailed_card__50dTS
18:42:11.856  INFO  manager.ListenerWD - After find element --> By.cssSelector: .contact-item-detailed_card__50dTS
18:42:11.888  INFO  manager.ListenerWD - Before find element --> By.cssSelector: .contact-item-detailed_card__50dTS
18:42:11.899  INFO  manager.ListenerWD - After find element --> By.cssSelector: .contact-item-detailed_card__50dTS
18:42:11.932  INFO  manager.ListenerWD - Before find element --> By.cssSelector: .contact-item-detailed_card__50dTS
18:42:11.943  INFO  manager.ListenerWD - After find element --> By.cssSelector: .contact-item-detailed_card__50dTS
18:42:11.979  INFO  manager.ListenerWD - Before find element --> By.cssSelector: .contact-item-detailed_card__50dTS
18:42:11.990  INFO  manager.ListenerWD - After find element --> By.cssSelector: .contact-item-detailed_card__50dTS
18:42:12.028  INFO  manager.ListenerWD - Before find element --> By.cssSelector: .contact-item-detailed_card__50dTS
18:42:12.039  INFO  manager.ListenerWD - After find element --> By.cssSelector: .contact-item-detailed_card__50dTS
18:42:12.072  INFO  manager.ListenerWD - Before find element --> By.cssSelector: .contact-item-detailed_card__50dTS
18:42:12.083  INFO  manager.ListenerWD - After find element --> By.cssSelector: .contact-item-detailed_card__50dTS
18:42:12.119  INFO  manager.ListenerWD - Before find element --> By.cssSelector: .contact-item-detailed_card__50dTS
18:42:12.131  INFO  manager.ListenerWD - After find element --> By.cssSelector: .contact-item-detailed_card__50dTS
18:42:12.162  INFO  manager.ListenerWD - Before find element --> By.cssSelector: .contact-item-detailed_card__50dTS
18:42:12.174  INFO  manager.ListenerWD - After find element --> By.cssSelector: .contact-item-detailed_card__50dTS
18:42:12.213  INFO  manager.ListenerWD - Before find element --> By.cssSelector: .contact-item-detailed_card__50dTS
18:42:12.226  INFO  manager.ListenerWD - After find element --> By.cssSelector: .contact-item-detailed_card__50dTS
18:42:12.262  INFO  manager.ListenerWD - Before find element --> By.cssSelector: .contact-item-detailed_card__50dTS
18:42:12.274  INFO  manager.ListenerWD - After find element --> By.cssSelector: .contact-item-detailed_card__50dTS
18:42:12.311  INFO  manager.ListenerWD - Before find element --> By.cssSelector: .contact-item-detailed_card__50dTS
18:42:12.324  INFO  manager.ListenerWD - After find element --> By.cssSelector: .contact-item-detailed_card__50dTS
18:42:12.359  INFO  manager.ListenerWD - Before find element --> By.cssSelector: .contact-item-detailed_card__50dTS
18:42:12.369  INFO  manager.ListenerWD - After find element --> By.cssSelector: .contact-item-detailed_card__50dTS
18:42:12.406  INFO  manager.ListenerWD - Before find element --> By.cssSelector: .contact-item-detailed_card__50dTS
18:42:12.418  INFO  manager.ListenerWD - After find element --> By.cssSelector: .contact-item-detailed_card__50dTS
18:42:12.455  INFO  manager.ListenerWD - Before find element --> By.cssSelector: .contact-item-detailed_card__50dTS
18:42:12.467  INFO  manager.ListenerWD - After find element --> By.cssSelector: .contact-item-detailed_card__50dTS
18:42:12.505  INFO  manager.ListenerWD - Before find element --> By.cssSelector: .contact-item-detailed_card__50dTS
18:42:12.518  INFO  manager.ListenerWD - After find element --> By.cssSelector: .contact-item-detailed_card__50dTS
18:42:12.556  INFO  manager.ListenerWD - Before find element --> By.cssSelector: .contact-item-detailed_card__50dTS
18:42:12.568  INFO  manager.ListenerWD - After find element --> By.cssSelector: .contact-item-detailed_card__50dTS
18:42:12.603  INFO  manager.ListenerWD - Before find element --> By.cssSelector: .contact-item-detailed_card__50dTS
18:42:12.615  INFO  manager.ListenerWD - After find element --> By.cssSelector: .contact-item-detailed_card__50dTS
18:42:12.647  INFO  manager.ListenerWD - Before find element --> By.cssSelector: .contact-item-detailed_card__50dTS
18:42:12.659  INFO  manager.ListenerWD - After find element --> By.cssSelector: .contact-item-detailed_card__50dTS
18:42:12.692  INFO  manager.ListenerWD - Before find element --> By.cssSelector: .contact-item-detailed_card__50dTS
18:42:12.714  INFO  manager.ListenerWD - After find element --> By.cssSelector: .contact-item-detailed_card__50dTS
18:42:12.745  INFO  manager.ListenerWD - Before find element --> By.cssSelector: .contact-item-detailed_card__50dTS
18:42:12.754  INFO  manager.ListenerWD - After find element --> By.cssSelector: .contact-item-detailed_card__50dTS
18:42:12.786  INFO  manager.ListenerWD - Before find element --> By.cssSelector: .contact-item-detailed_card__50dTS
18:42:12.796  INFO  manager.ListenerWD - After find element --> By.cssSelector: .contact-item-detailed_card__50dTS
18:42:12.829  INFO  manager.ListenerWD - Before find element --> By.cssSelector: .contact-item-detailed_card__50dTS
18:42:12.840  INFO  manager.ListenerWD - After find element --> By.cssSelector: .contact-item-detailed_card__50dTS
18:42:12.873  INFO  manager.ListenerWD - Before find element --> By.cssSelector: .contact-item-detailed_card__50dTS
18:42:12.883  INFO  manager.ListenerWD - After find element --> By.cssSelector: .contact-item-detailed_card__50dTS
18:42:12.915  INFO  manager.ListenerWD - Before find element --> By.cssSelector: .contact-item-detailed_card__50dTS
18:42:12.925  INFO  manager.ListenerWD - After find element --> By.cssSelector: .contact-item-detailed_card__50dTS
18:42:12.957  INFO  manager.ListenerWD - Before find element --> By.cssSelector: .contact-item-detailed_card__50dTS
18:42:12.966  INFO  manager.ListenerWD - After find element --> By.cssSelector: .contact-item-detailed_card__50dTS
18:42:12.998  INFO  manager.ListenerWD - Before find element --> By.cssSelector: .contact-item-detailed_card__50dTS
18:42:13.008  INFO  manager.ListenerWD - After find element --> By.cssSelector: .contact-item-detailed_card__50dTS
18:42:13.041  INFO  manager.ListenerWD - Before find element --> By.cssSelector: .contact-item-detailed_card__50dTS
18:42:13.050  INFO  manager.ListenerWD - After find element --> By.cssSelector: .contact-item-detailed_card__50dTS
18:42:13.083  INFO  manager.ListenerWD - Before find element --> By.cssSelector: .contact-item-detailed_card__50dTS
18:42:13.093  INFO  manager.ListenerWD - After find element --> By.cssSelector: .contact-item-detailed_card__50dTS
18:42:13.126  INFO  manager.ListenerWD - Before find element --> By.cssSelector: .contact-item-detailed_card__50dTS
18:42:13.134  INFO  manager.ListenerWD - After find element --> By.cssSelector: .contact-item-detailed_card__50dTS
18:42:13.166  INFO  manager.ListenerWD - Before find element --> By.cssSelector: .contact-item-detailed_card__50dTS
18:42:13.178  INFO  manager.ListenerWD - After find element --> By.cssSelector: .contact-item-detailed_card__50dTS
18:42:13.208  INFO  manager.ListenerWD - Before find element --> By.cssSelector: .contact-item-detailed_card__50dTS
18:42:13.217  INFO  manager.ListenerWD - After find element --> By.cssSelector: .contact-item-detailed_card__50dTS
18:42:13.248  INFO  manager.ListenerWD - Before find element --> By.cssSelector: .contact-item-detailed_card__50dTS
18:42:13.258  INFO  manager.ListenerWD - After find element --> By.cssSelector: .contact-item-detailed_card__50dTS
18:42:13.291  INFO  manager.ListenerWD - Before find element --> By.cssSelector: .contact-item-detailed_card__50dTS
18:42:13.301  INFO  manager.ListenerWD - After find element --> By.cssSelector: .contact-item-detailed_card__50dTS
18:42:13.337  INFO  manager.ListenerWD - Before find element --> By.cssSelector: .contact-item-detailed_card__50dTS
18:42:13.348  INFO  manager.ListenerWD - After find element --> By.cssSelector: .contact-item-detailed_card__50dTS
18:42:13.380  INFO  manager.ListenerWD - Before find element --> By.cssSelector: .contact-item-detailed_card__50dTS
18:42:13.391  INFO  manager.ListenerWD - After find element --> By.cssSelector: .contact-item-detailed_card__50dTS
18:42:13.402  INFO  manager.ListenerTNG - onTestSuccessaddContactSuccessAllFields
18:42:13.405  INFO  tests.TestBase - The name of starts method is --->registrationSuccess
18:42:13.406  INFO  manager.ListenerWD - Before find elements --> By.xpath: //button[text()='Sign Out']
18:42:13.416  INFO  manager.ListenerWD - After find elements --> By.xpath: //button[text()='Sign Out']
18:42:13.416  INFO  manager.ListenerWD - List suze is --> 1
18:42:13.416  INFO  manager.ListenerWD - Before find element --> By.xpath: //button[text()='Sign Out']
18:42:13.429  INFO  manager.ListenerWD - After find element --> By.xpath: //button[text()='Sign Out']
18:42:13.459  INFO  manager.ListenerTNG - onTestStart ---registrationSuccess
18:42:13.460  INFO  manager.ListenerWD - Before find element --> By.cssSelector: a[href='/login']
18:42:13.471  INFO  manager.ListenerWD - After find element --> By.cssSelector: a[href='/login']
18:42:13.485  INFO  manager.ListenerWD - Before find element --> By.cssSelector: a[href='/login']
18:42:13.495  INFO  manager.ListenerWD - After find element --> By.cssSelector: a[href='/login']
18:42:13.525  INFO  manager.ListenerWD - Before find element --> By.name: email
18:42:13.536  INFO  manager.ListenerWD - After find element --> By.name: email
18:42:13.626  INFO  manager.ListenerWD - Before find element --> By.name: password
18:42:13.636  INFO  manager.ListenerWD - After find element --> By.name: password
18:42:13.724  INFO  manager.ListenerWD - Before find element --> By.cssSelector: [name='registration']
18:42:13.737  INFO  manager.ListenerWD - After find element --> By.cssSelector: [name='registration']
18:42:13.763  INFO  manager.ListenerWD - Before find elements --> By.xpath: //button[text()='Sign Out']
18:42:14.155  INFO  manager.ListenerWD - After find elements --> By.xpath: //button[text()='Sign Out']
18:42:14.155  INFO  manager.ListenerWD - List suze is --> 0
18:42:14.157  INFO  manager.ListenerTNG - onTestFailure ---registrationSuccess
18:42:14.159  INFO  tests.TestBase - The name of starts method is --->loginWrongEmail
18:42:14.160  INFO  manager.ListenerWD - Before find elements --> By.xpath: //button[text()='Sign Out']
18:42:14.173  INFO  manager.ListenerWD - The have a 'problem'
18:42:14.173  INFO  manager.ListenerWD - ******************
18:42:14.174  INFO  manager.ListenerWD - Method method ---> findElements
18:42:14.174  INFO  manager.ListenerWD - ******************
18:42:14.176  INFO  manager.ListenerWD - InvocationTargetException getTargetException()org.openqa.selenium.UnhandledAlertException: unexpected alert open: {Alert text : User already exist}
  (Session info: chrome=109.0.5414.120): User already exist
Build info: version: '4.7.1', revision: 'c6795baf1a3'
System info: os.name: 'Windows 10', os.arch: 'amd64', os.version: '10.0', java.version: '11.0.17'
Driver info: org.openqa.selenium.chrome.ChromeDriver
Command: [bee7be2eff0e551d337c2aedb05fdaf8, findElements {using=xpath, value=//button[text()='Sign Out']}]
Capabilities {acceptInsecureCerts: false, browserName: chrome, browserVersion: 109.0.5414.120, chrome: {chromedriverVersion: 108.0.5359.71 (1e0e3868ee06..., userDataDir: C:\Users\suzanna\AppData\Lo...}, goog:chromeOptions: {debuggerAddress: localhost:53578}, networkConnectionEnabled: false, pageLoadStrategy: normal, platformName: WINDOWS, proxy: Proxy(), se:cdp: ws://localhost:53578/devtoo..., se:cdpVersion: 109.0.5414.120, setWindowRect: true, strictFileInteractability: false, timeouts: {implicit: 0, pageLoad: 300000, script: 30000}, unhandledPromptBehavior: dismiss and notify, webauthn:extension:credBlob: true, webauthn:extension:largeBlob: true, webauthn:virtualAuthenticators: true}
Session ID: bee7be2eff0e551d337c2aedb05fdaf8
18:42:14.177  INFO  manager.ListenerWD - ******************
18:42:14.177  INFO  manager.ListenerWD - Object target --->ChromeDriver: chrome on WINDOWS (bee7be2eff0e551d337c2aedb05fdaf8)
18:42:14.177  INFO  manager.ListenerWD - ******************
18:42:14.178  INFO  manager.ListenerWD - Screen with error is --->src/test/screenshots/screen-35.png
18:42:14.540  INFO  manager.ListenerTNG - onTestStart ---loginWrongEmail
18:42:14.541  INFO  manager.ListenerTNG - onTestSkipped ---loginWrongEmail
18:42:14.542  INFO  manager.ListenerTNG - onFinish ---Nopackage
