18:13:10.256  INFO  manager.ApplicationManager - All tests star in Chrome Browser
18:13:11.610  INFO  manager.ApplicationManager - Current Url -->https://telranedu.web.app/home
18:13:11.635  INFO  tests.TestBase - The name of starts method is --->addContactSuccessAllFields
18:13:11.636  INFO  manager.ListenerWD - Before find elements --> By.xpath: //button[text()='Sign Out']
18:13:16.679  INFO  manager.ListenerWD - After find elements --> By.xpath: //button[text()='Sign Out']
18:13:16.681  INFO  manager.ListenerWD - List suze is --> 0
18:13:16.685  INFO  manager.ListenerWD - Before find element --> By.cssSelector: a[href='/login']
18:13:16.704  INFO  manager.ListenerWD - After find element --> By.cssSelector: a[href='/login']
18:13:16.723  INFO  manager.ListenerWD - Before find element --> By.cssSelector: a[href='/login']
18:13:16.739  INFO  manager.ListenerWD - After find element --> By.cssSelector: a[href='/login']
18:13:16.781  INFO  manager.ListenerWD - Before find element --> By.name: email
18:13:16.802  INFO  manager.ListenerWD - After find element --> By.name: email
18:13:16.897  INFO  manager.ListenerWD - Before find element --> By.name: password
18:13:16.913  INFO  manager.ListenerWD - After find element --> By.name: password
18:13:16.994  INFO  manager.ListenerWD - Before find element --> By.cssSelector: [name='login']
18:13:17.008  INFO  manager.ListenerWD - After find element --> By.cssSelector: [name='login']
18:13:17.048  INFO  tests.TestBase - Tests start with data : Contact(name=Lisa1791, lastName=Simpson, email=lisa1791@mail.ru, address=NY, phone=11111111791, description=All fields)
18:13:17.049  INFO  manager.ListenerWD - Before find element --> By.cssSelector: a[href='/add']
18:13:18.047  INFO  manager.ListenerWD - After find element --> By.cssSelector: a[href='/add']
18:13:18.080  INFO  manager.ListenerWD - Before find element --> By.cssSelector: input[placeholder='Name']
18:13:18.097  INFO  manager.ListenerWD - After find element --> By.cssSelector: input[placeholder='Name']
18:13:18.184  INFO  manager.ListenerWD - Before find element --> By.cssSelector: input[placeholder='Last Name']
18:13:18.197  INFO  manager.ListenerWD - After find element --> By.cssSelector: input[placeholder='Last Name']
18:13:18.280  INFO  manager.ListenerWD - Before find element --> By.cssSelector: input[placeholder='Phone']
18:13:18.295  INFO  manager.ListenerWD - After find element --> By.cssSelector: input[placeholder='Phone']
18:13:18.378  INFO  manager.ListenerWD - Before find element --> By.cssSelector: input[placeholder='email']
18:13:18.393  INFO  manager.ListenerWD - After find element --> By.cssSelector: input[placeholder='email']
18:13:18.482  INFO  manager.ListenerWD - Before find element --> By.cssSelector: input[placeholder='Address']
18:13:18.497  INFO  manager.ListenerWD - After find element --> By.cssSelector: input[placeholder='Address']
18:13:18.571  INFO  manager.ListenerWD - Before find element --> By.cssSelector: input[placeholder='description']
18:13:18.584  INFO  manager.ListenerWD - After find element --> By.cssSelector: input[placeholder='description']
18:13:18.661  INFO  manager.ListenerWD - Before find element --> By.xpath: //b[text()='Save']
18:13:18.674  INFO  manager.ListenerWD - After find element --> By.xpath: //b[text()='Save']
18:13:18.697  INFO  manager.ListenerWD - Before find elements --> By.cssSelector: h2
18:13:19.471  INFO  manager.ListenerWD - After find elements --> By.cssSelector: h2
18:13:19.471  INFO  manager.ListenerWD - List suze is --> 43
18:13:19.898  INFO  manager.ListenerWD - Before find elements --> By.cssSelector: h3
18:13:20.118  INFO  manager.ListenerWD - After find elements --> By.cssSelector: h3
18:13:20.118  INFO  manager.ListenerWD - List suze is --> 43
18:13:20.585  INFO  manager.ListenerWD - Before find elements --> By.cssSelector: .contact-item_card__2SOIM
18:13:20.744  INFO  manager.ListenerWD - After find elements --> By.cssSelector: .contact-item_card__2SOIM
18:13:20.744  INFO  manager.ListenerWD - List suze is --> 43
18:13:20.775  INFO  manager.ListenerWD - Before find element --> By.cssSelector: .contact-item-detailed_card__50dTS
18:13:20.790  INFO  manager.ListenerWD - After find element --> By.cssSelector: .contact-item-detailed_card__50dTS
18:13:20.827  INFO  manager.ListenerWD - Before find element --> By.cssSelector: .contact-item-detailed_card__50dTS
18:13:20.838  INFO  manager.ListenerWD - After find element --> By.cssSelector: .contact-item-detailed_card__50dTS
18:13:20.872  INFO  manager.ListenerWD - Before find element --> By.cssSelector: .contact-item-detailed_card__50dTS
18:13:20.883  INFO  manager.ListenerWD - After find element --> By.cssSelector: .contact-item-detailed_card__50dTS
18:13:20.917  INFO  manager.ListenerWD - Before find element --> By.cssSelector: .contact-item-detailed_card__50dTS
18:13:20.928  INFO  manager.ListenerWD - After find element --> By.cssSelector: .contact-item-detailed_card__50dTS
18:13:20.962  INFO  manager.ListenerWD - Before find element --> By.cssSelector: .contact-item-detailed_card__50dTS
18:13:20.973  INFO  manager.ListenerWD - After find element --> By.cssSelector: .contact-item-detailed_card__50dTS
18:13:21.010  INFO  manager.ListenerWD - Before find element --> By.cssSelector: .contact-item-detailed_card__50dTS
18:13:21.022  INFO  manager.ListenerWD - After find element --> By.cssSelector: .contact-item-detailed_card__50dTS
18:13:21.057  INFO  manager.ListenerWD - Before find element --> By.cssSelector: .contact-item-detailed_card__50dTS
18:13:21.068  INFO  manager.ListenerWD - After find element --> By.cssSelector: .contact-item-detailed_card__50dTS
18:13:21.105  INFO  manager.ListenerWD - Before find element --> By.cssSelector: .contact-item-detailed_card__50dTS
18:13:21.118  INFO  manager.ListenerWD - After find element --> By.cssSelector: .contact-item-detailed_card__50dTS
18:13:21.154  INFO  manager.ListenerWD - Before find element --> By.cssSelector: .contact-item-detailed_card__50dTS
18:13:21.166  INFO  manager.ListenerWD - After find element --> By.cssSelector: .contact-item-detailed_card__50dTS
18:13:21.202  INFO  manager.ListenerWD - Before find element --> By.cssSelector: .contact-item-detailed_card__50dTS
18:13:21.214  INFO  manager.ListenerWD - After find element --> By.cssSelector: .contact-item-detailed_card__50dTS
18:13:21.249  INFO  manager.ListenerWD - Before find element --> By.cssSelector: .contact-item-detailed_card__50dTS
18:13:21.261  INFO  manager.ListenerWD - After find element --> By.cssSelector: .contact-item-detailed_card__50dTS
18:13:21.297  INFO  manager.ListenerWD - Before find element --> By.cssSelector: .contact-item-detailed_card__50dTS
18:13:21.308  INFO  manager.ListenerWD - After find element --> By.cssSelector: .contact-item-detailed_card__50dTS
18:13:21.342  INFO  manager.ListenerWD - Before find element --> By.cssSelector: .contact-item-detailed_card__50dTS
18:13:21.352  INFO  manager.ListenerWD - After find element --> By.cssSelector: .contact-item-detailed_card__50dTS
18:13:21.390  INFO  manager.ListenerWD - Before find element --> By.cssSelector: .contact-item-detailed_card__50dTS
18:13:21.400  INFO  manager.ListenerWD - After find element --> By.cssSelector: .contact-item-detailed_card__50dTS
18:13:21.449  INFO  manager.ListenerWD - Before find element --> By.cssSelector: .contact-item-detailed_card__50dTS
18:13:21.462  INFO  manager.ListenerWD - After find element --> By.cssSelector: .contact-item-detailed_card__50dTS
18:13:21.494  INFO  manager.ListenerWD - Before find element --> By.cssSelector: .contact-item-detailed_card__50dTS
18:13:21.505  INFO  manager.ListenerWD - After find element --> By.cssSelector: .contact-item-detailed_card__50dTS
18:13:21.543  INFO  manager.ListenerWD - Before find element --> By.cssSelector: .contact-item-detailed_card__50dTS
18:13:21.553  INFO  manager.ListenerWD - After find element --> By.cssSelector: .contact-item-detailed_card__50dTS
18:13:21.589  INFO  manager.ListenerWD - Before find element --> By.cssSelector: .contact-item-detailed_card__50dTS
18:13:21.599  INFO  manager.ListenerWD - After find element --> By.cssSelector: .contact-item-detailed_card__50dTS
18:13:21.632  INFO  manager.ListenerWD - Before find element --> By.cssSelector: .contact-item-detailed_card__50dTS
18:13:21.644  INFO  manager.ListenerWD - After find element --> By.cssSelector: .contact-item-detailed_card__50dTS
18:13:21.677  INFO  manager.ListenerWD - Before find element --> By.cssSelector: .contact-item-detailed_card__50dTS
18:13:21.688  INFO  manager.ListenerWD - After find element --> By.cssSelector: .contact-item-detailed_card__50dTS
18:13:21.723  INFO  manager.ListenerWD - Before find element --> By.cssSelector: .contact-item-detailed_card__50dTS
18:13:21.733  INFO  manager.ListenerWD - After find element --> By.cssSelector: .contact-item-detailed_card__50dTS
18:13:21.767  INFO  manager.ListenerWD - Before find element --> By.cssSelector: .contact-item-detailed_card__50dTS
18:13:21.778  INFO  manager.ListenerWD - After find element --> By.cssSelector: .contact-item-detailed_card__50dTS
18:13:21.811  INFO  manager.ListenerWD - Before find element --> By.cssSelector: .contact-item-detailed_card__50dTS
18:13:21.823  INFO  manager.ListenerWD - After find element --> By.cssSelector: .contact-item-detailed_card__50dTS
18:13:21.855  INFO  manager.ListenerWD - Before find element --> By.cssSelector: .contact-item-detailed_card__50dTS
18:13:21.866  INFO  manager.ListenerWD - After find element --> By.cssSelector: .contact-item-detailed_card__50dTS
18:13:21.900  INFO  manager.ListenerWD - Before find element --> By.cssSelector: .contact-item-detailed_card__50dTS
18:13:21.913  INFO  manager.ListenerWD - After find element --> By.cssSelector: .contact-item-detailed_card__50dTS
18:13:21.945  INFO  manager.ListenerWD - Before find element --> By.cssSelector: .contact-item-detailed_card__50dTS
18:13:21.955  INFO  manager.ListenerWD - After find element --> By.cssSelector: .contact-item-detailed_card__50dTS
18:13:21.990  INFO  manager.ListenerWD - Before find element --> By.cssSelector: .contact-item-detailed_card__50dTS
18:13:21.999  INFO  manager.ListenerWD - After find element --> By.cssSelector: .contact-item-detailed_card__50dTS
18:13:22.032  INFO  manager.ListenerWD - Before find element --> By.cssSelector: .contact-item-detailed_card__50dTS
18:13:22.043  INFO  manager.ListenerWD - After find element --> By.cssSelector: .contact-item-detailed_card__50dTS
18:13:22.075  INFO  manager.ListenerWD - Before find element --> By.cssSelector: .contact-item-detailed_card__50dTS
18:13:22.085  INFO  manager.ListenerWD - After find element --> By.cssSelector: .contact-item-detailed_card__50dTS
18:13:22.122  INFO  manager.ListenerWD - Before find element --> By.cssSelector: .contact-item-detailed_card__50dTS
18:13:22.132  INFO  manager.ListenerWD - After find element --> By.cssSelector: .contact-item-detailed_card__50dTS
18:13:22.170  INFO  manager.ListenerWD - Before find element --> By.cssSelector: .contact-item-detailed_card__50dTS
18:13:22.181  INFO  manager.ListenerWD - After find element --> By.cssSelector: .contact-item-detailed_card__50dTS
18:13:22.215  INFO  manager.ListenerWD - Before find element --> By.cssSelector: .contact-item-detailed_card__50dTS
18:13:22.226  INFO  manager.ListenerWD - After find element --> By.cssSelector: .contact-item-detailed_card__50dTS
18:13:22.258  INFO  manager.ListenerWD - Before find element --> By.cssSelector: .contact-item-detailed_card__50dTS
18:13:22.268  INFO  manager.ListenerWD - After find element --> By.cssSelector: .contact-item-detailed_card__50dTS
18:13:22.304  INFO  manager.ListenerWD - Before find element --> By.cssSelector: .contact-item-detailed_card__50dTS
18:13:22.316  INFO  manager.ListenerWD - After find element --> By.cssSelector: .contact-item-detailed_card__50dTS
18:13:22.352  INFO  manager.ListenerWD - Before find element --> By.cssSelector: .contact-item-detailed_card__50dTS
18:13:22.363  INFO  manager.ListenerWD - After find element --> By.cssSelector: .contact-item-detailed_card__50dTS
18:13:22.397  INFO  manager.ListenerWD - Before find element --> By.cssSelector: .contact-item-detailed_card__50dTS
18:13:22.407  INFO  manager.ListenerWD - After find element --> By.cssSelector: .contact-item-detailed_card__50dTS
18:13:22.439  INFO  manager.ListenerWD - Before find element --> By.cssSelector: .contact-item-detailed_card__50dTS
18:13:22.449  INFO  manager.ListenerWD - After find element --> By.cssSelector: .contact-item-detailed_card__50dTS
18:13:22.481  INFO  manager.ListenerWD - Before find element --> By.cssSelector: .contact-item-detailed_card__50dTS
18:13:22.491  INFO  manager.ListenerWD - After find element --> By.cssSelector: .contact-item-detailed_card__50dTS
18:13:22.523  INFO  manager.ListenerWD - Before find element --> By.cssSelector: .contact-item-detailed_card__50dTS
18:13:22.534  INFO  manager.ListenerWD - After find element --> By.cssSelector: .contact-item-detailed_card__50dTS
18:13:22.566  INFO  manager.ListenerWD - Before find element --> By.cssSelector: .contact-item-detailed_card__50dTS
18:13:22.578  INFO  manager.ListenerWD - After find element --> By.cssSelector: .contact-item-detailed_card__50dTS
18:13:22.612  INFO  manager.ListenerWD - Before find element --> By.cssSelector: .contact-item-detailed_card__50dTS
18:13:22.623  INFO  manager.ListenerWD - After find element --> By.cssSelector: .contact-item-detailed_card__50dTS
18:13:22.654  INFO  manager.ListenerWD - Before find element --> By.cssSelector: .contact-item-detailed_card__50dTS
18:13:22.663  INFO  manager.ListenerWD - After find element --> By.cssSelector: .contact-item-detailed_card__50dTS
18:13:22.694  INFO  manager.ListenerWD - Before find element --> By.cssSelector: .contact-item-detailed_card__50dTS
18:13:22.704  INFO  manager.ListenerWD - After find element --> By.cssSelector: .contact-item-detailed_card__50dTS
18:13:22.716  INFO  tests.TestBase - The name of starts method is --->registrationSuccess
18:13:22.716  INFO  manager.ListenerWD - Before find elements --> By.xpath: //button[text()='Sign Out']
18:13:22.726  INFO  manager.ListenerWD - After find elements --> By.xpath: //button[text()='Sign Out']
18:13:22.726  INFO  manager.ListenerWD - List suze is --> 1
18:13:22.726  INFO  manager.ListenerWD - Before find element --> By.xpath: //button[text()='Sign Out']
18:13:22.738  INFO  manager.ListenerWD - After find element --> By.xpath: //button[text()='Sign Out']
18:13:22.766  INFO  manager.ListenerWD - Before find element --> By.cssSelector: a[href='/login']
18:13:22.778  INFO  manager.ListenerWD - After find element --> By.cssSelector: a[href='/login']
18:13:22.791  INFO  manager.ListenerWD - Before find element --> By.cssSelector: a[href='/login']
18:13:22.802  INFO  manager.ListenerWD - After find element --> By.cssSelector: a[href='/login']
18:13:22.826  INFO  manager.ListenerWD - Before find element --> By.name: email
18:13:22.836  INFO  manager.ListenerWD - After find element --> By.name: email
18:13:22.932  INFO  manager.ListenerWD - Before find element --> By.name: password
18:13:22.943  INFO  manager.ListenerWD - After find element --> By.name: password
18:13:23.027  INFO  manager.ListenerWD - Before find element --> By.cssSelector: [name='registration']
18:13:23.038  INFO  manager.ListenerWD - After find element --> By.cssSelector: [name='registration']
18:13:23.063  INFO  manager.ListenerWD - Before find elements --> By.xpath: //button[text()='Sign Out']
18:13:23.585  INFO  manager.ListenerWD - After find elements --> By.xpath: //button[text()='Sign Out']
18:13:23.585  INFO  manager.ListenerWD - List suze is --> 1
