09:34:19.814  INFO  manager.ApplicationManager - All tests star in Chrome Browser
09:34:20.710  INFO  manager.ApplicationManager - Current Url -->https://telranedu.web.app/home
09:34:20.716  INFO  manager.ListenerTNG - onStart ---Nopackage
09:34:20.736  INFO  tests.TestBase - The name of starts method is --->registrationSuccess
09:34:20.737  INFO  manager.ListenerWD - Before find elements --> By.xpath: //button[text()='Sign Out']
09:34:25.799  INFO  manager.ListenerWD - After find elements --> By.xpath: //button[text()='Sign Out']
09:34:25.801  INFO  manager.ListenerWD - List suze is --> 0
09:34:25.808  INFO  manager.ListenerTNG - onTestStart ---registrationSuccess
09:34:25.815  INFO  manager.ListenerWD - Before find element --> By.cssSelector: a[href='/login']
09:34:25.839  INFO  manager.ListenerWD - After find element --> By.cssSelector: a[href='/login']
09:34:25.861  INFO  manager.ListenerWD - Before find element --> By.cssSelector: a[href='/login']
09:34:25.875  INFO  manager.ListenerWD - After find element --> By.cssSelector: a[href='/login']
09:34:25.913  INFO  manager.ListenerWD - Before find element --> By.name: email
09:34:25.929  INFO  manager.ListenerWD - After find element --> By.name: email
09:34:26.033  INFO  manager.ListenerWD - Before find element --> By.name: password
09:34:26.047  INFO  manager.ListenerWD - After find element --> By.name: password
09:34:26.136  INFO  manager.ListenerWD - Before find element --> By.cssSelector: [name='registration']
09:34:26.151  INFO  manager.ListenerWD - After find element --> By.cssSelector: [name='registration']
09:34:26.179  INFO  manager.ListenerWD - Before find elements --> By.xpath: //button[text()='Sign Out']
09:34:27.067  INFO  manager.ListenerWD - After find elements --> By.xpath: //button[text()='Sign Out']
09:34:27.067  INFO  manager.ListenerWD - List suze is --> 0
09:34:27.070  INFO  manager.ListenerTNG - onTestFailure ---registrationSuccess
09:34:27.074  INFO  manager.ListenerTNG - onFinish ---Nopackage
